#generation tag fitness FoM -a -b -c -d -e -f -g 
0 deme1_ind9 4.53999e-05 9605.12 0.31943122 -1.0049047 0.53743252 -0.39796411 1.12343 -0.85011103 1.6599875 
0 deme1_ind10 0.976415 3154.41 0.36763982 -0.86193379 1.0046631 -1.6720637 0.84392099 -1.005522 1.0000406 
0 deme1_ind11 0.741001 3997.28 1.2342052 -1 1 -1 1 -1.1894745 1 
0 deme1_ind12 1 2823.07 0.99398237 -1.1971493 1.2570304 -0.33802498 0.79969065 -0.86478257 0.9905345 
0 deme1_ind13 0.515731 4568.27 1 -1 1 -1 0.55010132 -1 1 
0 deme1_ind14 0.00907449 7473.74 1.6549828 -1.0097721 1.1848649 -1.1878221 0.84678396 -1.2021851 1.1753168 
0 deme1_ind15 0.0280879 6876.68 1.1335972 -0.83589063 1.4941037 -0.63730402 1.121615 -1.4589376 1.6455493 
0 deme1_ind16 0.0397733 6674.27 1.1328295 -0.30321097 0.88392064 -0.5999613 1.1794981 -1.6322255 1.6017623 
0 deme1_ind17 0.98922 3046.35 1.1618915 -1.6570934 1.4141973 -1.6117971 0.99163465 -1.6300558 0.84893213 
0 deme1_ind18 0.650797 4228.7 1 -1 1 -1 1 -1 1 
0 deme1_ind19 1 2823.07 0.99398237 -1.1971493 1.2570304 -0.33802498 0.79969065 -0.86478257 0.9905345 
1 deme1_ind20 0.582936 3455.41 0.99398237 -1.1971493 1.2570304 -1 0.79969065 -0.86478257 0.9905345 
1 deme1_ind21 0.962054 2522.82 1.1618915 -1.6570934 1.4141973 -1.6117971 0.79969065 -0.86478257 0.84893213 
1 deme1_ind22 0.777971 3050.5 0.99398237 -1.1971493 1.2570304 -0.33802498 0.79969065 -1 0.9905345 
1 deme1_ind23 0.602171 3416.51 0.34247809 -1.0578694 0.61332956 -0.49339016 0.80418613 -0.86433636 1.0971324 
1 deme1_ind24 4.53999e-05 7664 1.1335972 -0.83589063 1.4141973 -1.6117971 0.99163465 -1.6300558 1.6455493 
1 deme1_ind25 0.541383 3539.86 1.2342052 -1.1971493 1 -1 1 -0.86478257 0.9905345 
1 deme1_ind26 0.879487 2803.09 0.36763982 -0.86193379 1.0046631 -1.6720637 0.55010132 -1.005522 1 
1 deme1_ind27 0.926603 2660.5 0.36763982 -0.86193379 1.0046631 -1.6720637 0.84392099 -1.005522 0.9905345 
1 deme1_ind28 1 2181.85 1.1618915 -1.1971493 1.2570304 -0.33802498 0.79969065 -0.86478257 0.84893213 
1 deme1_ind29 0.872137 2823.07 0.99398237 -1.1971493 1.2570304 -0.33802498 0.79969065 -0.86478257 0.9905345 
2 deme1_ind30 0.0108451 2813.58 0.34247809 -1.1971493 0.61332956 -0.49339016 0.80418613 -0.86433636 0.9905345 
2 deme1_ind31 0.00702442 2916.15 0.99398237 -1.8551712 1.0046631 -0.33802498 0.79969065 -1.005522 1 
2 deme1_ind32 0.143452 2059.4 0.99259302 -1.3309081 1.8922402 -1.2895742 0.91769657 -0.86219459 0.69614344 
2 deme1_ind33 0.000363407 3520.22 1.2342052 -1.1971493 1 -1.6720637 1 -0.86478257 0.9905345 
2 deme1_ind34 0.000140378 3689.05 0.99398237 -1.1971493 1.2570304 -1.6720637 0.55010132 -1.005522 0.9905345 
2 deme1_ind35 4.53999e-05 3878.05 1.1618915 -1.1971493 1.2570304 -1 0.79969065 -0.86478257 0.9905345 
2 deme1_ind36 0.00295228 3108.22 0.99398237 -0.86193379 1.2570304 -1.6720637 0.55010132 -1.005522 0.9905345 
2 deme1_ind37 0.0275822 2574.95 0.46873928 -1.6527761 1.5929088 -1.1037142 0.72145936 -0.7568295 0.84875726 
2 deme1_ind38 1 626.664 1.0372623 -0.84328741 1.3881342 -0.3410072 0.67736364 -1.035739 0.23075465 
2 deme1_ind39 0.101485 2181.85 1.1618915 -1.1971493 1.2570304 -0.33802498 0.79969065 -0.86478257 0.84893213 
3 deme1_ind40 0.98054 584.42 1.0329106 -0.84549281 1.3935454 -0.86369305 0.67485472 -1.0365122 0.20847649 
3 deme1_ind41 1 459.091 1.0372623 -0.84328741 1.3881342 -0.3410072 0.67736364 -1.035739 -0.44845657 
3 deme1_ind42 0.419662 1292.16 0.43582652 -0.95169809 1.377113 -1.0188745 0.91374002 -1.0280642 0.2667058 
3 deme1_ind43 0.810767 868.56 0.90961363 -0.52973657 1.9092276 -0.34294998 0.77714912 -1.2136923 0.26158281 
3 deme1_ind44 0.0145879 2297.28 1.0372623 -0.84328741 1.5929088 -1.1037142 0.71978072 -1.035739 0.84875726 
3 deme1_ind45 0.927515 704.329 1.0372623 -0.84328741 1.3881342 -0.3410072 0.67736364 -1.231644 0.23075465 
3 deme1_ind46 4.53999e-05 3286.21 1.0372623 -0.84328741 1.3881342 -0.33802498 0.67736364 -1.035739 1 
3 deme1_ind47 0.563685 1135.98 1.0358375 -1.2945123 1.3952993 -0.30115661 1.2903476 -1.6423006 0.2312654 
3 deme1_ind48 0.986617 562.862 1.1618915 -1.1971493 1.2570304 -0.33802498 0.67736364 -1.035739 0.23075465 
3 deme1_ind49 0.965477 626.664 1.0372623 -0.84328741 1.3881342 -0.3410072 0.67736364 -1.035739 0.23075465 
4 deme1_ind50 0.475758 561.88 1.1618915 -1.1971493 1.3881342 -0.33802498 0.67736364 -1.035739 0.23075465 
4 deme1_ind51 0.523868 547.18 1.0372623 -0.84328741 1.2148164 -0.3410072 0.67736364 -1.035739 -0.44845657 
4 deme1_ind52 0.0618623 766.857 1.0372623 -0.52973657 1.3881342 -0.3410072 0.67736364 -1.2136923 0.23075465 
4 deme1_ind53 1 342.771 0.35734999 -0.85168729 1.3884879 0.28196284 1.3316096 -0.99396013 0.021101814 
4 deme1_ind54 0.286651 626.939 1.1618915 -1.1971493 1.2570304 -0.33802498 0.010439749 -1.035739 0.23075465 
4 deme1_ind55 0.03157 815.343 0.90961363 -0.52973657 1.9092276 -0.34294998 0.77714912 -1.2136923 0.2312654 
4 deme1_ind56 0.136648 701.423 0.47532042 -1.6906211 1.2224383 -0.38085706 0.012229973 -1.4547354 0.053934495 
4 deme1_ind57 0.0151973 862.938 1.0372623 -0.84549281 1.3935454 -0.3410072 0.67485472 -1.231644 0.20847649 
4 deme1_ind58 4.53999e-05 1146.68 1.0358375 -1.2945123 1.3952993 -0.34294998 0.77714912 -1.6423006 0.2312654 
4 deme1_ind59 0.811104 459.091 1.0372623 -0.84328741 1.3881342 -0.3410072 0.67736364 -1.035739 -0.44845657 
